[debug] [2023-04-25T21:48:19.741Z] ----------------------------------------------------------------------
[debug] [2023-04-25T21:48:19.743Z] Command:       C:\Program Files\nodejs\node.exe C:\Users\SHRIF\AppData\Roaming\npm\node_modules\firebase-tools\lib\bin\firebase.js projects:list
[debug] [2023-04-25T21:48:19.743Z] CLI Version:   11.15.0
[debug] [2023-04-25T21:48:19.743Z] Platform:      win32
[debug] [2023-04-25T21:48:19.744Z] Node Version:  v18.16.0
[debug] [2023-04-25T21:48:19.744Z] Time:          Tue Apr 25 2023 23:48:19 GMT+0200 (توقيت شرق أوروبا الرسمي)
[debug] [2023-04-25T21:48:19.745Z] ----------------------------------------------------------------------
[debug] 
[debug] [2023-04-25T21:48:19.810Z] > command requires scopes: ["email","openid","https://www.googleapis.com/auth/cloudplatformprojects.readonly","https://www.googleapis.com/auth/firebase","https://www.googleapis.com/auth/cloud-platform"]
[debug] [2023-04-25T21:48:19.810Z] > authorizing via signed-in user (jonsnowelshreef92@gmail.com)
[debug] [2023-04-25T21:48:19.814Z] > refreshing access token with scopes: []
[debug] [2023-04-25T21:48:19.816Z] >>> [apiv2][query] POST https://www.googleapis.com/oauth2/v3/token [none]
[debug] [2023-04-25T21:48:19.816Z] >>> [apiv2][body] POST https://www.googleapis.com/oauth2/v3/token [omitted]
[debug] [2023-04-25T21:48:20.078Z] <<< [apiv2][status] POST https://www.googleapis.com/oauth2/v3/token 400
[debug] [2023-04-25T21:48:20.078Z] <<< [apiv2][body] POST https://www.googleapis.com/oauth2/v3/token [omitted]
[debug] [2023-04-25T21:48:20.079Z] >>> [apiv2][query] GET https://firebase.googleapis.com/v1beta1/projects pageSize=1000
[debug] [2023-04-25T21:48:20.258Z] <<< [apiv2][status] GET https://firebase.googleapis.com/v1beta1/projects 401
[debug] [2023-04-25T21:48:20.259Z] <<< [apiv2][body] GET https://firebase.googleapis.com/v1beta1/projects [omitted]
[debug] [2023-04-25T21:48:20.260Z] HTTP Error: 401, Request had invalid authentication credentials. Expected OAuth 2 access token, login cookie or other valid authentication credential. See https://developers.google.com/identity/sign-in/web/devconsole-project.
[debug] [2023-04-25T21:48:20.263Z] FirebaseError: HTTP Error: 401, Request had invalid authentication credentials. Expected OAuth 2 access token, login cookie or other valid authentication credential. See https://developers.google.com/identity/sign-in/web/devconsole-project.
    at responseToError (C:\Users\SHRIF\AppData\Roaming\npm\node_modules\firebase-tools\lib\responseToError.js:49:12)
    at RetryOperation._fn (C:\Users\SHRIF\AppData\Roaming\npm\node_modules\firebase-tools\lib\apiv2.js:288:77)
    at process.processTicksAndRejections (node:internal/process/task_queues:95:5)
[error] 
[error] Error: Failed to list Firebase projects. See firebase-debug.log for more info.
[debug] [2023-04-25T21:49:57.319Z] ----------------------------------------------------------------------
[debug] [2023-04-25T21:49:57.321Z] Command:       C:\Program Files\nodejs\node.exe C:\Users\SHRIF\AppData\Roaming\npm\node_modules\firebase-tools\lib\bin\firebase.js init
[debug] [2023-04-25T21:49:57.321Z] CLI Version:   11.15.0
[debug] [2023-04-25T21:49:57.322Z] Platform:      win32
[debug] [2023-04-25T21:49:57.322Z] Node Version:  v18.16.0
[debug] [2023-04-25T21:49:57.323Z] Time:          Tue Apr 25 2023 23:49:57 GMT+0200 (توقيت شرق أوروبا الرسمي)
[debug] [2023-04-25T21:49:57.323Z] ----------------------------------------------------------------------
[debug] 
[debug] [2023-04-25T21:49:57.387Z] > command requires scopes: ["email","openid","https://www.googleapis.com/auth/cloudplatformprojects.readonly","https://www.googleapis.com/auth/firebase","https://www.googleapis.com/auth/cloud-platform"]
[debug] [2023-04-25T21:49:57.387Z] > authorizing via signed-in user (jonsnowelshreef92@gmail.com)
[info] 
     ######## #### ########  ######## ########     ###     ######  ########
     ##        ##  ##     ## ##       ##     ##  ##   ##  ##       ##
     ######    ##  ########  ######   ########  #########  ######  ######
     ##        ##  ##    ##  ##       ##     ## ##     ##       ## ##
     ##       #### ##     ## ######## ########  ##     ##  ######  ########

You're about to initialize a Firebase project in this directory:

  E:\Snow Projects\light area education

Before we get started, keep in mind:

  * You are initializing within an existing Firebase project directory

[info] 
=== Project Setup
[info] 
[info] First, let's associate this project directory with a Firebase project.
[info] You can create multiple project aliases by running firebase use --add, 
[info] but for now we'll just set up a default project.
[info] 
[debug] [2023-04-25T21:50:29.524Z] Using project from CLI flag: light-area-ee9d2
[debug] [2023-04-25T21:50:29.526Z] > refreshing access token with scopes: []
[debug] [2023-04-25T21:50:29.530Z] >>> [apiv2][query] POST https://www.googleapis.com/oauth2/v3/token [none]
[debug] [2023-04-25T21:50:29.530Z] >>> [apiv2][body] POST https://www.googleapis.com/oauth2/v3/token [omitted]
[debug] [2023-04-25T21:50:29.791Z] <<< [apiv2][status] POST https://www.googleapis.com/oauth2/v3/token 400
[debug] [2023-04-25T21:50:29.791Z] <<< [apiv2][body] POST https://www.googleapis.com/oauth2/v3/token [omitted]
[debug] [2023-04-25T21:50:29.792Z] >>> [apiv2][query] GET https://firebase.googleapis.com/v1beta1/projects/light-area-ee9d2 [none]
[debug] [2023-04-25T21:50:30.022Z] <<< [apiv2][status] GET https://firebase.googleapis.com/v1beta1/projects/light-area-ee9d2 401
[debug] [2023-04-25T21:50:30.022Z] <<< [apiv2][body] GET https://firebase.googleapis.com/v1beta1/projects/light-area-ee9d2 {"error":{"code":401,"message":"Request had invalid authentication credentials. Expected OAuth 2 access token, login cookie or other valid authentication credential. See https://developers.google.com/identity/sign-in/web/devconsole-project.","status":"UNAUTHENTICATED"}}
[debug] [2023-04-25T21:50:30.023Z] HTTP Error: 401, Request had invalid authentication credentials. Expected OAuth 2 access token, login cookie or other valid authentication credential. See https://developers.google.com/identity/sign-in/web/devconsole-project.
[debug] [2023-04-25T21:50:30.027Z] FirebaseError: HTTP Error: 401, Request had invalid authentication credentials. Expected OAuth 2 access token, login cookie or other valid authentication credential. See https://developers.google.com/identity/sign-in/web/devconsole-project.
    at responseToError (C:\Users\SHRIF\AppData\Roaming\npm\node_modules\firebase-tools\lib\responseToError.js:49:12)
    at RetryOperation._fn (C:\Users\SHRIF\AppData\Roaming\npm\node_modules\firebase-tools\lib\apiv2.js:288:77)
    at process.processTicksAndRejections (node:internal/process/task_queues:95:5)
[error] 
[error] Error: Failed to get Firebase project light-area-ee9d2. Please make sure the project exists and your account has permission to access it.
