[debug] [2023-04-25T20:12:55.002Z] ----------------------------------------------------------------------
[debug] [2023-04-25T20:12:55.004Z] Command:       C:\Program Files\nodejs\node.exe C:\Users\SHRIF\AppData\Roaming\npm\node_modules\firebase-tools\lib\bin\firebase.js use --add
[debug] [2023-04-25T20:12:55.005Z] CLI Version:   11.15.0
[debug] [2023-04-25T20:12:55.005Z] Platform:      win32
[debug] [2023-04-25T20:12:55.005Z] Node Version:  v18.16.0
[debug] [2023-04-25T20:12:55.006Z] Time:          Tue Apr 25 2023 22:12:55 GMT+0200 (توقيت شرق أوروبا الرسمي)
[debug] [2023-04-25T20:12:55.006Z] ----------------------------------------------------------------------
[debug] 
[debug] [2023-04-25T20:12:55.071Z] > command requires scopes: ["email","openid","https://www.googleapis.com/auth/cloudplatformprojects.readonly","https://www.googleapis.com/auth/firebase","https://www.googleapis.com/auth/cloud-platform"]
[debug] [2023-04-25T20:12:55.072Z] > authorizing via signed-in user (jonsnowelshreef92@gmail.com)
[debug] [2023-04-25T20:12:55.073Z] > refreshing access token with scopes: []
[debug] [2023-04-25T20:12:55.075Z] >>> [apiv2][query] POST https://www.googleapis.com/oauth2/v3/token [none]
[debug] [2023-04-25T20:12:55.075Z] >>> [apiv2][body] POST https://www.googleapis.com/oauth2/v3/token [omitted]
[debug] [2023-04-25T20:12:55.349Z] <<< [apiv2][status] POST https://www.googleapis.com/oauth2/v3/token 400
[debug] [2023-04-25T20:12:55.349Z] <<< [apiv2][body] POST https://www.googleapis.com/oauth2/v3/token [omitted]
[debug] [2023-04-25T20:12:55.351Z] >>> [apiv2][query] GET https://firebase.googleapis.com/v1beta1/projects pageSize=1000
[debug] [2023-04-25T20:12:55.555Z] <<< [apiv2][status] GET https://firebase.googleapis.com/v1beta1/projects 401
[debug] [2023-04-25T20:12:55.556Z] <<< [apiv2][body] GET https://firebase.googleapis.com/v1beta1/projects [omitted]
[debug] [2023-04-25T20:12:55.558Z] HTTP Error: 401, Request had invalid authentication credentials. Expected OAuth 2 access token, login cookie or other valid authentication credential. See https://developers.google.com/identity/sign-in/web/devconsole-project.
[debug] [2023-04-25T20:12:55.562Z] FirebaseError: HTTP Error: 401, Request had invalid authentication credentials. Expected OAuth 2 access token, login cookie or other valid authentication credential. See https://developers.google.com/identity/sign-in/web/devconsole-project.
    at responseToError (C:\Users\SHRIF\AppData\Roaming\npm\node_modules\firebase-tools\lib\responseToError.js:49:12)
    at RetryOperation._fn (C:\Users\SHRIF\AppData\Roaming\npm\node_modules\firebase-tools\lib\apiv2.js:288:77)
    at process.processTicksAndRejections (node:internal/process/task_queues:95:5)
[error] 
[error] Error: Failed to list Firebase projects. See firebase-debug.log for more info.
[debug] [2023-04-25T20:13:23.807Z] ----------------------------------------------------------------------
[debug] [2023-04-25T20:13:23.809Z] Command:       C:\Program Files\nodejs\node.exe C:\Users\SHRIF\AppData\Roaming\npm\node_modules\firebase-tools\lib\bin\firebase.js init
[debug] [2023-04-25T20:13:23.810Z] CLI Version:   11.15.0
[debug] [2023-04-25T20:13:23.810Z] Platform:      win32
[debug] [2023-04-25T20:13:23.810Z] Node Version:  v18.16.0
[debug] [2023-04-25T20:13:23.811Z] Time:          Tue Apr 25 2023 22:13:23 GMT+0200 (توقيت شرق أوروبا الرسمي)
[debug] [2023-04-25T20:13:23.811Z] ----------------------------------------------------------------------
[debug] 
[debug] [2023-04-25T20:13:23.871Z] > command requires scopes: ["email","openid","https://www.googleapis.com/auth/cloudplatformprojects.readonly","https://www.googleapis.com/auth/firebase","https://www.googleapis.com/auth/cloud-platform"]
[debug] [2023-04-25T20:13:23.871Z] > authorizing via signed-in user (jonsnowelshreef92@gmail.com)
[info] 
     ######## #### ########  ######## ########     ###     ######  ########
     ##        ##  ##     ## ##       ##     ##  ##   ##  ##       ##
     ######    ##  ########  ######   ########  #########  ######  ######
     ##        ##  ##    ##  ##       ##     ## ##     ##       ## ##
     ##       #### ##     ## ######## ########  ##     ##  ######  ########

You're about to initialize a Firebase project in this directory:

  E:\Snow Projects\light area education

Before we get started, keep in mind:

  * You are initializing within an existing Firebase project directory

[info] 
=== Project Setup
[info] 
[info] First, let's associate this project directory with a Firebase project.
[info] You can create multiple project aliases by running firebase use --add, 
[info] but for now we'll just set up a default project.
[info] 
[debug] [2023-04-25T20:13:40.416Z] Using project from CLI flag: light-area-ee9d2
[debug] [2023-04-25T20:13:40.419Z] > refreshing access token with scopes: []
[debug] [2023-04-25T20:13:40.422Z] >>> [apiv2][query] POST https://www.googleapis.com/oauth2/v3/token [none]
[debug] [2023-04-25T20:13:40.423Z] >>> [apiv2][body] POST https://www.googleapis.com/oauth2/v3/token [omitted]
[debug] [2023-04-25T20:13:40.721Z] <<< [apiv2][status] POST https://www.googleapis.com/oauth2/v3/token 400
[debug] [2023-04-25T20:13:40.721Z] <<< [apiv2][body] POST https://www.googleapis.com/oauth2/v3/token [omitted]
[debug] [2023-04-25T20:13:40.722Z] >>> [apiv2][query] GET https://firebase.googleapis.com/v1beta1/projects/light-area-ee9d2 [none]
[debug] [2023-04-25T20:13:40.918Z] <<< [apiv2][status] GET https://firebase.googleapis.com/v1beta1/projects/light-area-ee9d2 401
[debug] [2023-04-25T20:13:40.919Z] <<< [apiv2][body] GET https://firebase.googleapis.com/v1beta1/projects/light-area-ee9d2 {"error":{"code":401,"message":"Request had invalid authentication credentials. Expected OAuth 2 access token, login cookie or other valid authentication credential. See https://developers.google.com/identity/sign-in/web/devconsole-project.","status":"UNAUTHENTICATED"}}
[debug] [2023-04-25T20:13:40.922Z] HTTP Error: 401, Request had invalid authentication credentials. Expected OAuth 2 access token, login cookie or other valid authentication credential. See https://developers.google.com/identity/sign-in/web/devconsole-project.
[debug] [2023-04-25T20:13:40.926Z] FirebaseError: HTTP Error: 401, Request had invalid authentication credentials. Expected OAuth 2 access token, login cookie or other valid authentication credential. See https://developers.google.com/identity/sign-in/web/devconsole-project.
    at responseToError (C:\Users\SHRIF\AppData\Roaming\npm\node_modules\firebase-tools\lib\responseToError.js:49:12)
    at RetryOperation._fn (C:\Users\SHRIF\AppData\Roaming\npm\node_modules\firebase-tools\lib\apiv2.js:288:77)
    at process.processTicksAndRejections (node:internal/process/task_queues:95:5)
[error] 
[error] Error: Failed to get Firebase project light-area-ee9d2. Please make sure the project exists and your account has permission to access it.
